<?xml version="1.0" encoding="UTF-8"?>
<!-- Generated by org.testng.reporters.JUnitReportReporter -->
<testsuite hostname="DESKTOP-205DMUP" failures="0" tests="1" name="SampleDeployment.com.test.Practiceone1" time="0.014" errors="0" timestamp="2024-02-08T17:12:12 IST" skipped="0">
  <testcase classname="SampleDeployment.com.test.Practiceone1" name="f1" time="0.014"/>
</testsuite> <!-- SampleDeployment.com.test.Practiceone1 -->
